<?xml version="1.0" encoding="UTF-8"?>
<!-- Generated by org.testng.reporters.JUnitReportReporter -->
<testsuite skipped="0" hostname="DESKTOP-INOI1G6" name="runtest.Run" tests="2" failures="0" timestamp="13 Apr 2019 16:09:24 GMT" time="31.773" errors="0">
  <testcase name="runScenario" time="15.853" classname="runtest.Run"/>
  <testcase name="runScenario" time="15.920" classname="runtest.Run"/>
</testsuite> <!-- runtest.Run -->
