<?xml version="1.0" encoding="UTF-8"?>
<!-- Generated by org.testng.reporters.JUnitReportReporter -->
<testsuite skipped="0" hostname="DESKTOP-INOI1G6" name="runtest.EditRun" tests="2" failures="0" timestamp="17 Apr 2019 00:16:26 GMT" time="60.593" errors="0">
  <testcase name="runScenario" time="30.323" classname="runtest.EditRun"/>
  <testcase name="runScenario" time="30.270" classname="runtest.EditRun"/>
</testsuite> <!-- runtest.EditRun -->
