<?xml version="1.0" encoding="UTF-8"?>
<!-- Generated by org.testng.reporters.JUnitReportReporter -->
<testsuite skipped="0" hostname="DESKTOP-INOI1G6" name="week2.day1.CreateLead" tests="10" failures="0" timestamp="19 Apr 2019 08:54:10 GMT" time="503.417" errors="0">
  <testcase name="CLead" time="60.257" classname="week2.day1.CreateLead"/>
  <testcase name="CLead" time="48.587" classname="week2.day1.CreateLead"/>
  <testcase name="CLead" time="64.649" classname="week2.day1.CreateLead"/>
  <testcase name="CLead" time="46.027" classname="week2.day1.CreateLead"/>
  <testcase name="CLead" time="46.713" classname="week2.day1.CreateLead"/>
  <testcase name="CLead" time="58.437" classname="week2.day1.CreateLead"/>
  <testcase name="CLead" time="54.419" classname="week2.day1.CreateLead"/>
  <testcase name="CLead" time="43.781" classname="week2.day1.CreateLead"/>
  <testcase name="CLead" time="40.623" classname="week2.day1.CreateLead"/>
  <testcase name="CLead" time="39.924" classname="week2.day1.CreateLead"/>
</testsuite> <!-- week2.day1.CreateLead -->
