<?xml version="1.0" encoding="UTF-8"?>
<!-- Generated by org.testng.reporters.JUnitReportReporter -->
<testsuite skipped="0" hostname="DESKTOP-INOI1G6" name="week5.day2.CreateLead" tests="3" failures="0" timestamp="07 Apr 2019 13:50:10 GMT" time="88.388" errors="0">
  <testcase name="Createlead" time="28.758" classname="week5.day2.CreateLead"/>
  <testcase name="Createlead" time="23.046" classname="week5.day2.CreateLead"/>
  <testcase name="Createlead" time="36.584" classname="week5.day2.CreateLead"/>
</testsuite> <!-- week5.day2.CreateLead -->
