<?xml version="1.0" encoding="UTF-8"?>
<!-- Generated by org.testng.reporters.JUnitReportReporter -->
<testsuite skipped="0" hostname="DESKTOP-INOI1G6" name="week5.day1.DeleteLead" tests="1" failures="0" timestamp="13 Apr 2019 03:28:33 GMT" time="42.025" errors="0">
  <testcase name="Deletelead" time="42.025" classname="week5.day1.DeleteLead"/>
</testsuite> <!-- week5.day1.DeleteLead -->
